\BOOKMARK [1][-]{section.1}{Introduction}{}% 1
\BOOKMARK [2][-]{subsection.1.1}{To the Reader}{section.1}% 2
\BOOKMARK [1][-]{section.2}{Overview}{}% 3
\BOOKMARK [2][-]{subsection.2.1}{Driving Ideas}{section.2}% 4
\BOOKMARK [3][-]{subsubsection.2.1.1}{Proof Methods}{subsection.2.1}% 5
\BOOKMARK [3][-]{subsubsection.2.1.2}{Proof Panel, Proof Frame}{subsection.2.1}% 6
\BOOKMARK [2][-]{subsection.2.2}{Human Readable and Longer}{section.2}% 7
\BOOKMARK [3][-]{subsubsection.2.2.1}{NDLines and The Proof Itself}{subsection.2.2}% 8
\BOOKMARK [3][-]{subsubsection.2.2.2}{Applications of Rules}{subsection.2.2}% 9
\BOOKMARK [2][-]{subsection.2.3}{Technical and Brief}{section.2}% 10
\BOOKMARK [1][-]{section.3}{Major Classes}{}% 11
\BOOKMARK [2][-]{subsection.3.1}{ProofAssistant}{section.3}% 12
\BOOKMARK [2][-]{subsection.3.2}{ProofFrame}{section.3}% 13
\BOOKMARK [2][-]{subsection.3.3}{ProofMethods}{section.3}% 14
\BOOKMARK [3][-]{subsubsection.3.3.1}{General Rule Structure}{subsection.3.3}% 15
\BOOKMARK [2][-]{subsection.3.4}{NDLine}{section.3}% 16
\BOOKMARK [2][-]{subsection.3.5}{Globals}{section.3}% 17
\BOOKMARK [1][-]{section.4}{Adding More Rules}{}% 18
\BOOKMARK [2][-]{subsection.4.1}{Initial Considerations}{section.4}% 19
\BOOKMARK [2][-]{subsection.4.2}{Additions in Globals}{section.4}% 20
\BOOKMARK [2][-]{subsection.4.3}{Additions in Proof Methods}{section.4}% 21
\BOOKMARK [2][-]{subsection.4.4}{Additions in Proof Panel}{section.4}% 22
\BOOKMARK [2][-]{subsection.4.5}{Additions in the Rule Palette}{section.4}% 23
\BOOKMARK [2][-]{subsection.4.6}{Additions for Friendly Input}{section.4}% 24
\BOOKMARK [1][-]{appendix.A}{Useful Tables}{}% 25
\BOOKMARK [1][-]{appendix.B}{Proposed Further Features}{}% 26
\BOOKMARK [2][-]{subsection.B.1}{Related to Proofs}{appendix.B}% 27
\BOOKMARK [2][-]{subsection.B.2}{Related to Interface}{appendix.B}% 28
\BOOKMARK [2][-]{subsection.B.3}{Related to Code}{appendix.B}% 29
\BOOKMARK [1][-]{appendix.C}{ProofAssistant}{}% 30
\BOOKMARK [2][-]{subsection.C.1}{main}{appendix.C}% 31
\BOOKMARK [2][-]{subsection.C.2}{createAndShowGUI}{appendix.C}% 32
\BOOKMARK [1][-]{appendix.D}{ProofFrame}{}% 33
\BOOKMARK [2][-]{subsection.D.1}{ProofFrame}{appendix.D}% 34
\BOOKMARK [2][-]{subsection.D.2}{setLAF}{appendix.D}% 35
\BOOKMARK [2][-]{subsection.D.3}{setMenus}{appendix.D}% 36
\BOOKMARK [3][-]{subsubsection.D.3.1}{file}{subsection.D.3}% 37
\BOOKMARK [3][-]{subsubsection.D.3.2}{options}{subsection.D.3}% 38
\BOOKMARK [2][-]{subsection.D.4}{actionPerformed and itemStateChanged}{appendix.D}% 39
\BOOKMARK [1][-]{appendix.E}{NDLine}{}% 40
\BOOKMARK [2][-]{subsection.E.1}{NDLine}{appendix.E}% 41
\BOOKMARK [2][-]{subsection.E.2}{Private Methods}{appendix.E}% 42
\BOOKMARK [3][-]{subsubsection.E.2.1}{findMainOp}{subsection.E.2}% 43
\BOOKMARK [3][-]{subsubsection.E.2.2}{findFirstArg}{subsection.E.2}% 44
\BOOKMARK [3][-]{subsubsection.E.2.3}{findSecondArg}{subsection.E.2}% 45
\BOOKMARK [3][-]{subsubsection.E.2.4}{parseTheLine}{subsection.E.2}% 46
\BOOKMARK [3][-]{subsubsection.E.2.5}{convertOp}{subsection.E.2}% 47
\BOOKMARK [2][-]{subsection.E.3}{Mutator Methods}{appendix.E}% 48
\BOOKMARK [3][-]{subsubsection.E.3.1}{setJustification}{subsection.E.3}% 49
\BOOKMARK [2][-]{subsection.E.4}{Accessor Methods}{appendix.E}% 50
\BOOKMARK [3][-]{subsubsection.E.4.1}{get...}{subsection.E.4}% 51
\BOOKMARK [3][-]{subsubsection.E.4.2}{parseMainOp}{subsection.E.4}% 52
\BOOKMARK [3][-]{subsubsection.E.4.3}{parseFirstArg\(\) and parseSecondArg\(\)}{subsection.E.4}% 53
\BOOKMARK [3][-]{subsubsection.E.4.4}{getTeX}{subsection.E.4}% 54
\BOOKMARK [3][-]{subsubsection.E.4.5}{isInScopeOf}{subsection.E.4}% 55
\BOOKMARK [3][-]{subsubsection.E.4.6}{indexIn}{subsection.E.4}% 56
\BOOKMARK [1][-]{appendix.F}{Globals}{}% 57
\BOOKMARK [2][-]{subsection.F.1}{lineNum}{appendix.F}% 58
\BOOKMARK [1][-]{appendix.G}{ProofPanel}{}% 59
\BOOKMARK [2][-]{subsection.G.1}{ProofPanel}{appendix.G}% 60
\BOOKMARK [2][-]{subsection.G.2}{paintComponent}{appendix.G}% 61
\BOOKMARK [2][-]{subsection.G.3}{printLines}{appendix.G}% 62
\BOOKMARK [3][-]{subsubsection.G.3.1}{Preparation for Printing Lines}{subsection.G.3}% 63
\BOOKMARK [1][-]{appendix.H}{ExportFrame}{}% 64
\BOOKMARK [1][-]{appendix.I}{NDJustification}{}% 65
\BOOKMARK [2][-]{subsection.I.1}{Just...}{appendix.I}% 66
\BOOKMARK [1][-]{appendix.J}{ScopeLine}{}% 67
\BOOKMARK [1][-]{appendix.K}{Documentation of Individual Features}{}% 68
\BOOKMARK [2][-]{subsection.K.1}{New}{appendix.K}% 69
\BOOKMARK [3][-]{subsubsection.K.1.1}{Overview of Implementation}{subsection.K.1}% 70
\BOOKMARK [3][-]{subsubsection.K.1.2}{Implementation in ProofFrame}{subsection.K.1}% 71
\BOOKMARK [3][-]{subsubsection.K.1.3}{Implementation in ProofMethods}{subsection.K.1}% 72
\BOOKMARK [3][-]{subsubsection.K.1.4}{Implementation in ProofPanel}{subsection.K.1}% 73
\BOOKMARK [3][-]{subsubsection.K.1.5}{Implementation in NDLine}{subsection.K.1}% 74
\BOOKMARK [2][-]{subsection.K.2}{Undo}{appendix.K}% 75
\BOOKMARK [3][-]{subsubsection.K.2.1}{Overview of Implementation}{subsection.K.2}% 76
\BOOKMARK [3][-]{subsubsection.K.2.2}{Implementation in ProofFrame}{subsection.K.2}% 77
\BOOKMARK [3][-]{subsubsection.K.2.3}{Implementation in ProofMethods}{subsection.K.2}% 78
\BOOKMARK [3][-]{subsubsection.K.2.4}{Implementation in ProofPanel}{subsection.K.2}% 79
\BOOKMARK [3][-]{subsubsection.K.2.5}{Implementation in NDLine}{subsection.K.2}% 80
\BOOKMARK [3][-]{subsubsection.K.2.6}{Implementation in NDJustification}{subsection.K.2}% 81
