\BOOKMARK [1][-]{section.1}{Introduction}{}% 1
\BOOKMARK [2][-]{subsection.1.1}{Assumed Background}{section.1}% 2
\BOOKMARK [2][-]{subsection.1.2}{Application Scope}{section.1}% 3
\BOOKMARK [1][-]{section.2}{Basic Usage}{}% 4
\BOOKMARK [2][-]{subsection.2.1}{Program Layout}{section.2}% 5
\BOOKMARK [3][-]{subsubsection.2.1.1}{The Proof Panel}{subsection.2.1}% 6
\BOOKMARK [3][-]{subsubsection.2.1.2}{The Rule Palette}{subsection.2.1}% 7
\BOOKMARK [3][-]{subsubsection.2.1.3}{The Arity List}{subsection.2.1}% 8
\BOOKMARK [2][-]{subsection.2.2}{Completing a Proof}{section.2}% 9
\BOOKMARK [3][-]{subsubsection.2.2.1}{Creating a Proof}{subsection.2.2}% 10
\BOOKMARK [3][-]{subsubsection.2.2.2}{Current Goal and Current Resource}{subsection.2.2}% 11
\BOOKMARK [3][-]{subsubsection.2.2.3}{Applying Rules}{subsection.2.2}% 12
\BOOKMARK [2][-]{subsection.2.3}{Export}{section.2}% 13
\BOOKMARK [3][-]{subsubsection.2.3.1}{Export to plain text}{subsection.2.3}% 14
\BOOKMARK [3][-]{subsubsection.2.3.2}{Export to .png}{subsection.2.3}% 15
\BOOKMARK [3][-]{subsubsection.2.3.3}{Export to .gif}{subsection.2.3}% 16
\BOOKMARK [3][-]{subsubsection.2.3.4}{Copy proof to clipboard}{subsection.2.3}% 17
\BOOKMARK [2][-]{subsection.2.4}{Save and Open}{section.2}% 18
\BOOKMARK [2][-]{subsection.2.5}{Further Features}{section.2}% 19
\BOOKMARK [1][-]{section.3}{Input Style}{}% 20
\BOOKMARK [2][-]{subsection.3.1}{Unary Operators}{section.3}% 21
\BOOKMARK [3][-]{subsubsection.3.1.1}{Quantifiers, @, "3223379 }{subsection.3.1}% 22
\BOOKMARK [3][-]{subsubsection.3.1.2}{[], "426830A "526930B }{subsection.3.1}% 23
\BOOKMARK [2][-]{subsection.3.2}{Binary Operators}{section.3}% 24
\BOOKMARK [3][-]{subsubsection.3.2.1}{Identity}{subsection.3.2}% 25
\BOOKMARK [3][-]{subsubsection.3.2.2}{Arithmetic}{subsection.3.2}% 26
\BOOKMARK [2][-]{subsection.3.3}{Predicate Symbols and n-ary Functions}{section.3}% 27
\BOOKMARK [1][-]{section.4}{Advanced Usage}{}% 28
\BOOKMARK [2][-]{subsection.4.1}{GUI Features}{section.4}% 29
\BOOKMARK [3][-]{subsubsection.4.1.1}{Status Bar}{subsection.4.1}% 30
\BOOKMARK [2][-]{subsection.4.2}{New Proof}{section.4}% 31
\BOOKMARK [3][-]{subsubsection.4.2.1}{Numbers for Q}{subsection.4.2}% 32
\BOOKMARK [2][-]{subsection.4.3}{New Proof from TeX Code}{section.4}% 33
\BOOKMARK [2][-]{subsection.4.4}{Output to TeX Code}{section.4}% 34
\BOOKMARK [2][-]{subsection.4.5}{Command Line Arguments}{section.4}% 35
\BOOKMARK [3][-]{subsubsection.4.5.1}{One Argument}{subsection.4.5}% 36
\BOOKMARK [3][-]{subsubsection.4.5.2}{Two or More Arguments}{subsection.4.5}% 37
\BOOKMARK [1][-]{section.5}{Experimental Features}{}% 38
\BOOKMARK [2][-]{subsection.5.1}{Magic Mode}{section.5}% 39
